<?xml version="1.0" encoding="UTF-8"?>
<!-- Generated by org.testng.reporters.JUnitReportReporter -->
<testsuite skipped="0" hostname="macpk-wks-0076" name="Master.OrdersExecution" tests="76" failures="0" timestamp="23 Apr 2019 08:50:18 GMT" time="1643.300" errors="0">
  <testcase name="LoginApp" time="23.697" classname="Master.OrdersExecution"/>
  <testcase name="Existing_Artwork_File_UploadVerification" time="135.478" classname="Master.OrdersExecution"/>
  <testcase name="Artwork_DownloadUnderDecorationTab" time="7.358" classname="Master.OrdersExecution"/>
  <testcase name="Artwork_FileDeletion" time="26.371" classname="Master.OrdersExecution"/>
  <testcase name="Decoration_Charge_With_Amountcalculation" time="69.299" classname="Master.OrdersExecution"/>
  <testcase name="Verificationof_Decoration_Display_Under_DecorationTab" time="1.296" classname="Master.OrdersExecution"/>
  <testcase name="AddingInstructions" time="7.157" classname="Master.OrdersExecution"/>
  <testcase name="InstructionsViewing" time="12.242" classname="Master.OrdersExecution"/>
  <testcase name="Settings_SalesTaxConfig" time="40.835" classname="Master.OrdersExecution"/>
  <testcase name="ManualSalesTaxCalculation" time="28.552" classname="Master.OrdersExecution"/>
  <testcase name="Freight_ServicePopup_Display" time="130.253" classname="Master.OrdersExecution"/>
  <testcase name="Freight_Title_Field_TextValidation" time="0.115" classname="Master.OrdersExecution"/>
  <testcase name="Freight_TitleUpdate" time="25.748" classname="Master.OrdersExecution"/>
  <testcase name="Services_VendorCompanyVerification" time="29.649" classname="Master.OrdersExecution"/>
  <testcase name="Freight_Service_Add_TaxCalculation_Verification" time="0.206" classname="Master.OrdersExecution"/>
  <testcase name="Settings_ShippingTaxConfig" time="16.220" classname="Master.OrdersExecution"/>
  <testcase name="Settings_ShippingTaxCalculationVerify" time="53.390" classname="Master.OrdersExecution"/>
  <testcase name="TaxCalculationWithServiceTypeCredit" time="53.607" classname="Master.OrdersExecution"/>
  <testcase name="MultiShippingAddress" time="19.077" classname="Master.OrdersExecution"/>
  <testcase name="Zero_Quantity_Validation_MessageVerification" time="37.645" classname="Master.OrdersExecution"/>
  <testcase name="SplitShipment_not_showingin_shippingtab" time="7.196" classname="Master.OrdersExecution"/>
  <testcase name="SplitShipment_Showing_inPricing_tab" time="2.571" classname="Master.OrdersExecution"/>
  <testcase name="SplitShipment_Showing_inDecoration_tab" time="0.295" classname="Master.OrdersExecution"/>
  <testcase name="SplitShipment_Showingin_PurchaseOrder_tab" time="0.533" classname="Master.OrdersExecution"/>
  <testcase name="TwoPOsCreation" time="91.330" classname="Master.OrdersExecution"/>
  <testcase name="New_DestinationAddress_WithDifferentCompany" time="0.050" classname="Master.OrdersExecution"/>
  <testcase name="BlindShip_WithConfirmation" time="19.768" classname="Master.OrdersExecution"/>
  <testcase name="Purchase_OrderPreview_Verification" time="30.976" classname="Master.OrdersExecution"/>
  <testcase name="PurchaseOrder_SalesPersonDetailsPreviewVerification" time="0.141" classname="Master.OrdersExecution"/>
  <testcase name="PurchaseOrderPreview_SplitShipment1_DetailsVerification" time="0.092" classname="Master.OrdersExecution"/>
  <testcase name="PurchaseOrderPreview_SplitShipment1_DecorationDetailsVerification" time="0.130" classname="Master.OrdersExecution"/>
  <testcase name="PurchaseOrder_PersonalizationDecorationDocDownload" time="20.049" classname="Master.OrdersExecution"/>
  <testcase name="PurchaseOrder_AtworkDecorationDocDownload" time="10.333" classname="Master.OrdersExecution"/>
  <testcase name="PurchaseOrder_PreviewShippingDetailsVerification" time="0.117" classname="Master.OrdersExecution"/>
  <testcase name="PurchaseOrder_BlindShipVerification" time="0.088" classname="Master.OrdersExecution"/>
  <testcase name="PurchaseOrder_AtworkPODocDownload" time="37.759" classname="Master.OrdersExecution"/>
  <testcase name="PurchaseOrder_POPDFDocDownload" time="10.287" classname="Master.OrdersExecution"/>
  <testcase name="Calculating_TotalPriceOnPreview" time="0.089" classname="Master.OrdersExecution"/>
  <testcase name="PackingList_DisplayVerification" time="7.411" classname="Master.OrdersExecution"/>
  <testcase name="PurchaseOrder_PreviewPOSend" time="43.355" classname="Master.OrdersExecution"/>
  <testcase name="SalesOrderPreviewSalesPersonDetails" time="19.880" classname="Master.OrdersExecution"/>
  <testcase name="SalesOrder_BillingShippingDetailsPreview" time="0.126" classname="Master.OrdersExecution"/>
  <testcase name="SalesOrder_BlindshipVerification" time="0.081" classname="Master.OrdersExecution"/>
  <testcase name="SalesOrderPreview_SplitShipment1_DetailsVerification" time="0.087" classname="Master.OrdersExecution"/>
  <testcase name="SalesOrderPreview_SplitShipment1_DecorationDetailsVerification" time="0.115" classname="Master.OrdersExecution"/>
  <testcase name="SalesOrder_PreviewShippingFromDetailsVerification" time="0.149" classname="Master.OrdersExecution"/>
  <testcase name="SalesOrder_ShippingFrom_BlindShipVerification" time="0.114" classname="Master.OrdersExecution"/>
  <testcase name="SalesOrderPreview_ShippingToDetailsVerification" time="0.389" classname="Master.OrdersExecution"/>
  <testcase name="SalesOrderPreviewInstructions" time="0.121" classname="Master.OrdersExecution"/>
  <testcase name="SalesOrderPreview_ServicesDetailsVerification" time="0.118" classname="Master.OrdersExecution"/>
  <testcase name="Calculating_TotalPrice_OnSalesPreview" time="0.088" classname="Master.OrdersExecution"/>
  <testcase name="SalesOrder_PDFDocDownload" time="35.277" classname="Master.OrdersExecution"/>
  <testcase name="PDFAttach_Checkbox_ischecked_bydefault" time="21.352" classname="Master.OrdersExecution"/>
  <testcase name="SalesOrder_Preview_SalesOrderSend" time="30.194" classname="Master.OrdersExecution"/>
  <testcase name="AcknowledgementOrder_PreviewSalesPersonDetails" time="31.845" classname="Master.OrdersExecution"/>
  <testcase name="AckowlodgementPreview_SplitShipment1Details_Verification" time="0.095" classname="Master.OrdersExecution"/>
  <testcase name="AcknowlodgementPreview_SplitShipment1DecorationDetails_Verification" time="0.193" classname="Master.OrdersExecution"/>
  <testcase name="Ackowledgement_PreviewShippingFromDetailsVerification" time="0.242" classname="Master.OrdersExecution"/>
  <testcase name="AckowledgementPreviewInstructions" time="0.084" classname="Master.OrdersExecution"/>
  <testcase name="AcknowledgementPreview_ServicesDetailsVerification" time="0.133" classname="Master.OrdersExecution"/>
  <testcase name="Ackowledgement_PersonalizationDecorationDocDownload" time="20.047" classname="Master.OrdersExecution"/>
  <testcase name="Ackowledgement_PDFDocDownload" time="27.322" classname="Master.OrdersExecution"/>
  <testcase name="Calculating_TotalPrice_OnAckowledgementPreview" time="20.146" classname="Master.OrdersExecution"/>
  <testcase name="Acknowledgement_PreviewAckSend" time="57.308" classname="Master.OrdersExecution"/>
  <testcase name="PurchaseOrder_OrderLevel_POPDFDocDownload" time="38.866" classname="Master.OrdersExecution"/>
  <testcase name="SalesOrder_PreviewDownloadPopup_PDFDocDownload" time="32.658" classname="Master.OrdersExecution"/>
  <testcase name="AckowledgementDownloadPopup_PDFDocDownload" time="37.654" classname="Master.OrdersExecution"/>
  <testcase name="Tax_not_calculating_if_Canadian_address_is_notmatching" time="80.739" classname="Master.OrdersExecution"/>
  <testcase name="Tax_is_not_calculating_if_Canadian_addressisnotmatching" time="64.529" classname="Master.OrdersExecution"/>
  <testcase name="SameAsBilling_ShippingAddress_Verification_OrderLevel" time="7.087" classname="Master.OrdersExecution"/>
  <testcase name="CPN_Number_EditProductConfigVerification" time="3.239" classname="Master.OrdersExecution"/>
  <testcase name="SameAsBilling_ShippingAddress_Verification_ProductLevel" time="16.007" classname="Master.OrdersExecution"/>
  <testcase name="SameAsBilling_AcknowledgementAddress_Verification_OrderLevel" time="14.496" classname="Master.OrdersExecution"/>
  <testcase name="ProfitMaker_SendVerification" time="6.838" classname="Master.OrdersExecution"/>
  <testcase name="Requote_From_OrdersDetails" time="27.430" classname="Master.OrdersExecution"/>
  <testcase name="Requote_From_QuoteDetails" time="47.486" classname="Master.OrdersExecution"/>
</testsuite> <!-- Master.OrdersExecution -->
